<?xml version="1.0" encoding="UTF-8"?>
<testsuite xmlns:xsi="http://www.w3.org/2001/XMLSchema-instance" xsi:noNamespaceSchemaLocation="https://maven.apache.org/surefire/maven-surefire-plugin/xsd/surefire-test-report-3.0.xsd" version="3.0" name="runners.APIRunnerClass" time="5.358" tests="2" errors="0" skipped="0" failures="0">
  <properties>
[...]
</properties>
  <testcase name="Creating the employee using json paylaod #2" classname="Syntax API workflow feature" time="3.52">
    <system-out><![CDATA[
@jsondynamic @update
Scenario: Creating the employee using json paylaod                                                                                       &amp#27;[90m# src/test/resources/features/APIWorkflow.feature:32&amp#27;[0m
Bearer eyJ0eXAiOiJKV1QiLCJhbGciOiJIUzI1NiJ9.eyJpYXQiOjE3MDIzMTY0OTAsImlzcyI6ImxvY2FsaG9zdCIsImV4cCI6MTcwMjM1OTY5MCwidXNlcklkIjoiNjA3NyJ9.RRQxZLd0ZUdxHkU5T8qsDRaItDRFVUnG-kAjkFl9tR8
  &amp#27;[32mGiven &amp#27;[0m&amp#27;[32ma JWT is generated&amp#27;[0m                                                                                                               &amp#27;[90m# APISteps.APIWorkflowSteps.a_jwt_is_generated()&amp#27;[0m
  &amp#27;[32mGiven &amp#27;[0m&amp#27;[32ma request is prepared for creating an employee with dynamic data &amp#27;[0m&amp#27;[32m&amp#27;[1m"hind"&amp#27;[0m&amp#27;[32m , &amp#27;[0m&amp#27;[32m&amp#27;[1m"pak"&amp#27;[0m&amp#27;[32m , &amp#27;[0m&amp#27;[32m&amp#27;[1m"ms"&amp#27;[0m&amp#27;[32m , &amp#27;[0m&amp#27;[32m&amp#27;[1m"M"&amp#27;[0m&amp#27;[32m , &amp#27;[0m&amp#27;[32m&amp#27;[1m"2002-11-25"&amp#27;[0m&amp#27;[32m , &amp#27;[0m&amp#27;[32m&amp#27;[1m"confirmed"&amp#27;[0m&amp#27;[32m , &amp#27;[0m&amp#27;[32m&amp#27;[1m"qa"&amp#27;[0m &amp#27;[90m# APISteps.APIWorkflowSteps.a_request_is_prepared_for_creating_an_employee_with_dynamic_data(java.lang.String,java.lang.String,java.lang.String,java.lang.String,java.lang.String,java.lang.String,java.lang.String)&amp#27;[0m
{
    "Message": "Employee Created",
    "Employee": {
        "employee_id": "99259A",
        "emp_firstname": "hind",
        "emp_middle_name": "ms",
        "emp_lastname": "pak",
        "emp_birthday": "2002-11-25",
        "emp_job_title": "qa",
        "emp_status": "confirmed"
    }
}
  &amp#27;[32mWhen &amp#27;[0m&amp#27;[32ma POST call is made to create an employee&amp#27;[0m                                                                                         &amp#27;[90m# APISteps.APIWorkflowSteps.a_post_call_is_made_to_create_an_employee()&amp#27;[0m
  &amp#27;[32mThen &amp#27;[0m&amp#27;[32mthe status code for this request is &amp#27;[0m&amp#27;[32m&amp#27;[1m201&amp#27;[0m                                                                                           &amp#27;[90m# APISteps.APIWorkflowSteps.the_status_code_for_this_request_is(java.lang.Integer)&amp#27;[0m
99259A
  &amp#27;[32mAnd &amp#27;[0m&amp#27;[32mthe employee id &amp#27;[0m&amp#27;[32m&amp#27;[1m"Employee.employee_id"&amp#27;[0m&amp#27;[32m is stored as global variable for other request&amp#27;[0m                                              &amp#27;[90m# APISteps.APIWorkflowSteps.the_employee_id_is_stored_as_global_variable_for_other_request(java.lang.String)&amp#27;[0m
  &amp#27;[32mAnd &amp#27;[0m&amp#27;[32mthe response body contains &amp#27;[0m&amp#27;[32m&amp#27;[1m"Message"&amp#27;[0m&amp#27;[32m key and value &amp#27;[0m&amp#27;[32m&amp#27;[1m"Employee Created"&amp#27;[0m                                                              &amp#27;[90m# APISteps.APIWorkflowSteps.the_response_body_contains_key_and_value(java.lang.String,java.lang.String)&amp#27;[0m
]]></system-out>
    <system-err><![CDATA[SLF4J: No SLF4J providers were found.
SLF4J: Defaulting to no-operation (NOP) logger implementation
SLF4J: See https://www.slf4j.org/codes.html#noProviders for further details.
]]></system-err>
  </testcase>
  <testcase name="Updating the employee" classname="Syntax API workflow feature" time="0.579">
    <system-out><![CDATA[
@update
Scenario: Updating the employee                                    &amp#27;[90m# src/test/resources/features/APIWorkflow.feature:40&amp#27;[0m
Bearer eyJ0eXAiOiJKV1QiLCJhbGciOiJIUzI1NiJ9.eyJpYXQiOjE3MDIzMTY0OTIsImlzcyI6ImxvY2FsaG9zdCIsImV4cCI6MTcwMjM1OTY5MiwidXNlcklkIjoiNjA3NyJ9.13MEW_GDTvX3KdgangNbi0LmX5CzP3XbXb_gLag4h9c
  &amp#27;[32mGiven &amp#27;[0m&amp#27;[32ma JWT is generated&amp#27;[0m                                         &amp#27;[90m# APISteps.APIWorkflowSteps.a_jwt_is_generated()&amp#27;[0m
  &amp#27;[32mGiven &amp#27;[0m&amp#27;[32ma request is prepared to update an employee in HRMS system&amp#27;[0m &amp#27;[90m# APISteps.APIWorkflowSteps.a_request_is_prepared_to_update_an_employee_in_hrms_system()&amp#27;[0m
{
    "Message": "Employee record Updated",
    "Employee": {
        "emp_firstname": "pak",
        "emp_middle_name": "sm",
        "emp_lastname": "hind",
        "emp_birthday": "2003-11-25",
        "emp_gender": "Female",
        "emp_job_title": "sqa",
        "emp_status": "notconfirmed"
    }
}
  &amp#27;[32mWhen &amp#27;[0m&amp#27;[32ma PUT call is made to update the employee&amp#27;[0m                   &amp#27;[90m# APISteps.APIWorkflowSteps.a_put_call_is_made_to_update_the_employee()&amp#27;[0m
  &amp#27;[32mThen &amp#27;[0m&amp#27;[32mthe status code for updating the employee is &amp#27;[0m&amp#27;[32m&amp#27;[1m200&amp#27;[0m            &amp#27;[90m# APISteps.APIWorkflowSteps.the_status_code_for_updating_the_employee_is(java.lang.Integer)&amp#27;[0m
]]></system-out>
  </testcase>
</testsuite>